<!DOCTYPE html PUBLIC "-//W3C//DTD XHTML 1.1//EN" "https://www.w3.org/TR/xhtml11/DTD/xhtml11.dtd">
<html xmlns="https://www.w3.org/1999/xhtml">
<head>
<meta http-equiv="content-type" content="text/html; charset=UTF-8"/>
<title>TestNG Report</title>
<style type="text/css">table {margin-bottom:10px;border-collapse:collapse;empty-cells:show}th,td {border:1px solid #009;padding:.25em .5em}th {vertical-align:bottom}td {vertical-align:top}table a {font-weight:bold}.stripe td {background-color: #E6EBF9}.num {text-align:right}.passedodd td {background-color: #3F3}.passedeven td {background-color: #0A0}.skippedodd td {background-color: #DDD}.skippedeven td {background-color: #CCC}.failedodd td,.attn {background-color: #F33}.failedeven td,.stripe .attn {background-color: #D00}.stacktrace {white-space:pre;font-family:monospace}.totop {font-size:85%;text-align:center;border-bottom:2px solid #000}.invisible {display:none}</style>
</head>
<body>
<table>
<tr><th>Test</th><th># Passed</th><th># Skipped</th><th># Retried</th><th># Failed</th><th>Time (ms)</th><th>Included Groups</th><th>Excluded Groups</th></tr>
<tr><th colspan="8">Surefire suite</th></tr>
<tr><td><a href="#t0">Surefire test</a></td><td class="num">0</td><td class="num attn">2</td><td class="num">0</td><td class="num">0</td><td class="num">149</td><td></td><td></td></tr>
</table>
<table id='summary'><thead><tr><th>Class</th><th>Method</th><th>Start</th><th>Time (ms)</th></tr></thead><tbody><tr><th colspan="4">Surefire suite</th></tr></tbody><tbody id="t0"><tr><th colspan="4">Surefire test &#8212; failed (configuration methods)</th></tr><tr class="failedeven"><td rowspan="1">testCases.TC_AccountRegistrationTest</td><td><a href="#m0">setup</a></td><td rowspan="1">1758469921451</td><td rowspan="1">-1758469921451</td></tr><tr class="failedodd"><td rowspan="1">testCases.TC_LoginTest</td><td><a href="#m1">setup</a></td><td rowspan="1">1758469921543</td><td rowspan="1">-1758469921543</td></tr><tr><th colspan="4">Surefire test &#8212; skipped (configuration methods)</th></tr><tr class="skippedeven"><td rowspan="1">testCases.TC_AccountRegistrationTest</td><td><a href="#m2">tearDown</a></td><td rowspan="1">1758469921537</td><td rowspan="1">0</td></tr><tr class="skippedodd"><td rowspan="1">testCases.TC_LoginTest</td><td><a href="#m3">tearDown</a></td><td rowspan="1">1758469921548</td><td rowspan="1">0</td></tr><tr><th colspan="4">Surefire test &#8212; skipped</th></tr><tr class="skippedeven"><td rowspan="1">testCases.TC_AccountRegistrationTest</td><td><a href="#m4">test_account_Registration</a></td><td rowspan="1">1758469921527</td><td rowspan="1">0</td></tr><tr class="skippedodd"><td rowspan="1">testCases.TC_LoginTest</td><td><a href="#m5">test_login</a></td><td rowspan="1">1758469921546</td><td rowspan="1">0</td></tr></tbody>
</table>
<h2>Surefire test</h2><h3 id="m0">testCases.TC_AccountRegistrationTest#setup</h3><table class="result"><tr><th>Exception</th></tr><tr><td><div class="stacktrace">org.testng.TestNGException: 
Parameter &apos;os&apos; is required by BeforeClass on method setup but has not been marked @Optional or defined

	at java.base/java.util.ArrayList.forEach(ArrayList.java:1596)
... Removed 27 stack frames</div></td></tr></table><p class="totop"><a href="#summary">back to summary</a></p>
<h3 id="m1">testCases.TC_LoginTest#setup</h3><table class="result"><tr><th>Exception</th></tr><tr><td><div class="stacktrace">org.testng.TestNGException: 
Parameter &apos;os&apos; is required by BeforeClass on method setup but has not been marked @Optional or defined

	at java.base/java.util.ArrayList.forEach(ArrayList.java:1596)
... Removed 27 stack frames</div></td></tr></table><p class="totop"><a href="#summary">back to summary</a></p>
<h3 id="m2">testCases.TC_AccountRegistrationTest#tearDown</h3><table class="result"><tr><th class="invisible"/></tr></table><p class="totop"><a href="#summary">back to summary</a></p>
<h3 id="m3">testCases.TC_LoginTest#tearDown</h3><table class="result"><tr><th class="invisible"/></tr></table><p class="totop"><a href="#summary">back to summary</a></p>
<h3 id="m4">testCases.TC_AccountRegistrationTest#test_account_Registration</h3><table class="result"><tr><th>Exception</th></tr><tr><td><div class="stacktrace">org.testng.TestNGException: 
Parameter &apos;os&apos; is required by BeforeClass on method setup but has not been marked @Optional or defined

	at java.base/java.util.ArrayList.forEach(ArrayList.java:1596)
... Removed 27 stack frames</div></td></tr></table><p class="totop"><a href="#summary">back to summary</a></p>
<h3 id="m5">testCases.TC_LoginTest#test_login</h3><table class="result"><tr><th>Exception</th></tr><tr><td><div class="stacktrace">org.testng.TestNGException: 
Parameter &apos;os&apos; is required by BeforeClass on method setup but has not been marked @Optional or defined

	at java.base/java.util.ArrayList.forEach(ArrayList.java:1596)
... Removed 27 stack frames</div></td></tr></table><p class="totop"><a href="#summary">back to summary</a></p>
</body>
</html>
